<?xml version="1.0" encoding="UTF-8"?>
<testng-results ignored="0" total="1" passed="1" failed="0" skipped="0">
  <reporter-output>
  </reporter-output>
  <suite started-at="2022-06-16T15:07:08 IST" name="RegressionSuit" finished-at="2022-06-16T15:07:44 IST" duration-ms="36523">
    <groups>
    </groups>
    <test started-at="2022-06-16T15:07:08 IST" name="ChromeTest" finished-at="2022-06-16T15:07:44 IST" duration-ms="36523">
      <class name="InitialTest.VerificationOfSignInPage">
        <test-method is-config="true" signature="launchCrossBrowser1(java.lang.String)[pri:0, instance:InitialTest.VerificationOfSignInPage@13e39c73]" started-at="2022-06-16T15:07:08 IST" name="launchCrossBrowser1" finished-at="2022-06-16T15:07:12 IST" duration-ms="4256" status="PASS">
          <params>
            <param index="0">
              <value>
                <![CDATA[Chrome]]>
              </value>
            </param>
          </params>
          <reporter-output>
          </reporter-output>
        </test-method> <!-- launchCrossBrowser1 -->
        <test-method is-config="true" signature="createPOMClassObj1()[pri:0, instance:InitialTest.VerificationOfSignInPage@13e39c73]" started-at="2022-06-16T15:07:12 IST" name="createPOMClassObj1" finished-at="2022-06-16T15:07:12 IST" duration-ms="96" status="PASS">
          <reporter-output>
          </reporter-output>
        </test-method> <!-- createPOMClassObj1 -->
        <test-method is-config="true" signature="loginMethod()[pri:0, instance:InitialTest.VerificationOfSignInPage@13e39c73]" started-at="2022-06-16T15:07:12 IST" name="loginMethod" finished-at="2022-06-16T15:07:44 IST" duration-ms="31863" status="PASS">
          <reporter-output>
          </reporter-output>
        </test-method> <!-- loginMethod -->
        <test-method signature="SampleMethod()[pri:0, instance:InitialTest.VerificationOfSignInPage@13e39c73]" started-at="2022-06-16T15:07:44 IST" name="SampleMethod" finished-at="2022-06-16T15:07:44 IST" duration-ms="12" status="PASS">
          <reporter-output>
          </reporter-output>
        </test-method> <!-- SampleMethod -->
        <test-method is-config="true" signature="logoutMethod()[pri:0, instance:InitialTest.VerificationOfSignInPage@13e39c73]" started-at="2022-06-16T15:07:44 IST" name="logoutMethod" finished-at="2022-06-16T15:07:44 IST" duration-ms="1" status="PASS">
          <reporter-output>
          </reporter-output>
        </test-method> <!-- logoutMethod -->
        <test-method is-config="true" signature="clearObj()[pri:0, instance:InitialTest.VerificationOfSignInPage@13e39c73]" started-at="2022-06-16T15:07:44 IST" name="clearObj" finished-at="2022-06-16T15:07:44 IST" duration-ms="0" status="PASS">
          <reporter-output>
          </reporter-output>
        </test-method> <!-- clearObj -->
        <test-method is-config="true" signature="CloseBrowser()[pri:0, instance:InitialTest.VerificationOfSignInPage@13e39c73]" started-at="2022-06-16T15:07:44 IST" name="CloseBrowser" finished-at="2022-06-16T15:07:44 IST" duration-ms="195" status="PASS">
          <reporter-output>
          </reporter-output>
        </test-method> <!-- CloseBrowser -->
      </class> <!-- InitialTest.VerificationOfSignInPage -->
    </test> <!-- ChromeTest -->
  </suite> <!-- RegressionSuit -->
</testng-results>
